Starting…
Running 'Verilator.Lint' at 'runs/RUN_2026-05-10_17-33-40/01-verilator-lint'…
Logging subprocess to [repr.filename]'runs/RUN_2026-05-10_17-33-40/01-verilator-lint/verilator-lint.log'[/repr.filename]…
Running 'Checker.LintTimingConstructs' at 'runs/RUN_2026-05-10_17-33-40/02-checker-linttimingconstructs'…
Check for Lint Timing Errors clear.
Running 'Checker.LintErrors' at 'runs/RUN_2026-05-10_17-33-40/03-checker-linterrors'…
Check for Lint errors clear.
Running 'Checker.LintWarnings' at 'runs/RUN_2026-05-10_17-33-40/04-checker-lintwarnings'…
Check for Lint warnings clear.
Running 'Yosys.JsonHeader' at 'runs/RUN_2026-05-10_17-33-40/05-yosys-jsonheader'…
Logging subprocess to [repr.filename]'runs/RUN_2026-05-10_17-33-40/05-yosys-jsonheader/yosys-jsonheader.log'[/repr.filename]…
Subprocess had a non-zero exit.
Last 10 line(s):
    0: 0x10e4a93 - <unknown>!<wasm function 29703>
    1: 0x10df5d6 - <unknown>!<wasm function 29591>
    2: 0x10df603 - <unknown>!<wasm function 29592>
    3: 0x10fff18 - <unknown>!<wasm function 30043>
    4: 0x10e47ac - <unknown>!<wasm function 29674>
    5:  0x110b9 - <unknown>!<wasm function 28>

Caused by:
    wasm trap: wasm `unreachable` instruction executed


Full log file: 'runs/RUN_2026-05-10_17-33-40/05-yosys-jsonheader/yosys-jsonheader.log'
