Traceback (most recent call last):
  File "/home/vamsidhar-reddy-eraganeni/Desktop/ECE510-H4AI/hw4ai-env/bin/yosys", line 8, in <module>
    sys.exit(_run_yosys_argv())
             ^^^^^^^^^^^^^^^^^
  File "/home/vamsidhar-reddy-eraganeni/Desktop/ECE510-H4AI/hw4ai-env/lib/python3.12/site-packages/yowasp_yosys/__init__.py", line 12, in _run_yosys_argv
    sys.exit(run_yosys(sys.argv[1:]))
             ^^^^^^^^^^^^^^^^^^^^^^^
  File "/home/vamsidhar-reddy-eraganeni/Desktop/ECE510-H4AI/hw4ai-env/lib/python3.12/site-packages/yowasp_yosys/__init__.py", line 7, in run_yosys
    return yowasp_runtime.run_wasm(__package__, "yosys.wasm", resources=["share"],
           ^^^^^^^^^^^^^^^^^^^^^^^^^^^^^^^^^^^^^^^^^^^^^^^^^^^^^^^^^^^^^^^^^^^^^^^
  File "/home/vamsidhar-reddy-eraganeni/Desktop/ECE510-H4AI/hw4ai-env/lib/python3.12/site-packages/yowasp_runtime/__init__.py", line 151, in run_wasm
    raise exception # re-raise to preserve backtrace
    ^^^^^^^^^^^^^^^
  File "/home/vamsidhar-reddy-eraganeni/Desktop/ECE510-H4AI/hw4ai-env/lib/python3.12/site-packages/yowasp_runtime/__init__.py", line 138, in run
    app.exports(store)["_start"](store)
  File "/home/vamsidhar-reddy-eraganeni/Desktop/ECE510-H4AI/hw4ai-env/lib/python3.12/site-packages/wasmtime/_func.py", line 93, in __call__
    with enter_wasm(store) as trap:
  File "/usr/lib/python3.12/contextlib.py", line 144, in __exit__
    next(self.gen)
  File "/home/vamsidhar-reddy-eraganeni/Desktop/ECE510-H4AI/hw4ai-env/lib/python3.12/site-packages/wasmtime/_func.py", line 238, in enter_wasm
    raise trap_obj
wasmtime._trap.Trap: error while executing at wasm backtrace:
    0: 0x10e4a93 - <unknown>!<wasm function 29703>
    1: 0x10df5d6 - <unknown>!<wasm function 29591>
    2: 0x10df603 - <unknown>!<wasm function 29592>
    3: 0x10fff18 - <unknown>!<wasm function 30043>
    4: 0x10e47ac - <unknown>!<wasm function 29674>
    5:  0x110b9 - <unknown>!<wasm function 28>

Caused by:
    wasm trap: wasm `unreachable` instruction executed

