[23:15:16] INFO     Loading the design configuration file has generated the following warnings:                                                                                  config.py:716
[23:15:16] WARNING  The configuration variable 'PL_TARGET_DENSITY' is deprecated. Please check the docs for the usage on the replacement variable 'PL_TARGET_DENSITY_PCT'.       config.py:720
[23:15:16] WARNING  An unknown key 'synth_parameters' was provided.                                                                                                              config.py:720
[23:15:16] INFO     Starting a new run of the 'Classic' flow with the tag 'RUN_2026-05-12_23-15-16'.                                                                               flow.py:628
[23:15:16] INFO     Starting…                                                                                                                                                sequential.py:294
─────────────────────────────────────────────────────────────────────────────────────── Verilator Lint ───────────────────────────────────────────────────────────────────────────────────────
[23:15:16] VERBOSE  Running 'Verilator.Lint' at 'runs/RUN_2026-05-12_23-15-16/01-verilator-lint'…                                                                                 step.py:1122
[23:15:17] VERBOSE  Logging subprocess to 'runs/RUN_2026-05-12_23-15-16/01-verilator-lint/verilator-lint.log'…                                                                    step.py:1318
- V e r i l a t i o n   R e p o r t: Verilator 5.041 devel rev v5.040-196-g63f5f5c32                                                                                                          
- Verilator: Built from 1.292 MB sources in 447 modules, into 35.694 MB in 48 C++ files needing 0.000 MB                                                                                      
- Verilator: Walltime 6.973 s (elab=0.085, cvt=5.825, bld=0.000); cpu 6.941 s on 1 threads; alloced 303.742 MB                                                                                
───────────────────────────────────────────────────────────────────────────────── Lint Timing Errors Checker ─────────────────────────────────────────────────────────────────────────────────
[23:15:24] VERBOSE  Running 'Checker.LintTimingConstructs' at 'runs/RUN_2026-05-12_23-15-16/02-checker-linttimingconstructs'…                                                     step.py:1122
[23:15:24] INFO     Check for Lint Timing Errors clear.                                                                                                                         checker.py:404
──────────────────────────────────────────────────────────────────────────────────── Lint Errors Checker ─────────────────────────────────────────────────────────────────────────────────────
[23:15:24] VERBOSE  Running 'Checker.LintErrors' at 'runs/RUN_2026-05-12_23-15-16/03-checker-linterrors'…                                                                         step.py:1122
[23:15:24] INFO     Check for Lint errors clear.                                                                                                                                checker.py:132
─────────────────────────────────────────────────────────────────────────────────── Lint Warnings Checker ────────────────────────────────────────────────────────────────────────────────────
[23:15:24] VERBOSE  Running 'Checker.LintWarnings' at 'runs/RUN_2026-05-12_23-15-16/04-checker-lintwarnings'…                                                                     step.py:1122
[23:15:24] INFO     Check for Lint warnings clear.                                                                                                                              checker.py:132
──────────────────────────────────────────────────────────────────────────────────── Generate JSON Header ────────────────────────────────────────────────────────────────────────────────────
[23:15:24] VERBOSE  Running 'Yosys.JsonHeader' at 'runs/RUN_2026-05-12_23-15-16/05-yosys-jsonheader'…                                                                             step.py:1122
[23:15:24] VERBOSE  Logging subprocess to 'runs/RUN_2026-05-12_23-15-16/05-yosys-jsonheader/yosys-jsonheader.log'…                                                                step.py:1318
Run 'yosys -h' for help.                                                                                                                                                                      
[23:15:25] ERROR    Subprocess had a non-zero exit.                                                                                                                               step.py:1364
[23:15:25] ERROR    Last 1 line(s):                                                                                                                                               step.py:1369
                    Run 'yosys -h' for help.                                                                                                                                                  
                                                                                                                                                                                              
[23:15:25] ERROR    Full log file: 'runs/RUN_2026-05-12_23-15-16/05-yosys-jsonheader/yosys-jsonheader.log'                                                                        step.py:1372
Classic - Stage 5 - Generate JSON Header ━━                                        4/78 0:00:08
[23:15:25] ERROR    The following error was encountered while running the flow:                                                                                                __main__.py:187
                    Generate JSON Header: subprocess (1, ['yosys', '-y',                                                                                                                      
                    '/home/vamsidhar-reddy-eraganeni/Desktop/ECE510-H4AI/hw4ai-env/lib/python3.12/site-packages/openlane/scripts/pyosys/json_header.py', '--', '--config-in',                 
                    '/home/vamsidhar-reddy-eraganeni/Desktop/ECE510-H4AI/project/m3/runs/RUN_2026-05-12_23-15-16/05-yosys-jsonheader/config.json', '--extra-in',                              
                    '/home/vamsidhar-reddy-eraganeni/Desktop/ECE510-H4AI/project/m3/runs/RUN_2026-05-12_23-15-16/05-yosys-jsonheader/extra.json', '--output',                                 
                    '/home/vamsidhar-reddy-eraganeni/Desktop/ECE510-H4AI/project/m3/runs/RUN_2026-05-12_23-15-16/05-yosys-jsonheader/systolic_array.h.json']) failed                          
[23:15:25] ERROR    OpenLane will now quit.                                                                                                                                    __main__.py:188
